<?xml version="1.0" encoding="UTF-8"?>
<!-- Generated by org.testng.reporters.JUnitReportReporter -->
<testsuite skipped="0" hostname="dell-PC" name="log4jdemo.DemoLog4j" tests="1" failures="0" timestamp="09 Apr 2021 14:12:37 GMT" time="34.128" errors="0">
  <testcase name="TestCase" time="34.128" classname="log4jdemo.DemoLog4j"/>
</testsuite> <!-- log4jdemo.DemoLog4j -->
