<?xml version="1.0" encoding="UTF-8"?>
<!-- Generated by org.testng.reporters.JUnitReportReporter -->
<testsuite skipped="0" hostname="dell-PC" name="log4jdemo.DemoLog4j" tests="1" failures="0" timestamp="07 May 2020 12:22:57 GMT" time="11.294" errors="0">
  <testcase name="TestCase" time="11.294" classname="log4jdemo.DemoLog4j"/>
</testsuite> <!-- log4jdemo.DemoLog4j -->
