<?xml version="1.0" encoding="UTF-8"?>
<!-- Generated by org.testng.reporters.JUnitReportReporter -->
<testsuite skipped="0" hostname="dell-PC" name="log4jdemo.DemoLog4j" tests="1" failures="0" timestamp="21 Apr 2020 08:37:27 GMT" time="8.856" errors="0">
  <testcase name="TestCase" time="8.856" classname="log4jdemo.DemoLog4j"/>
</testsuite> <!-- log4jdemo.DemoLog4j -->
