<?xml version="1.0" encoding="UTF-8"?>
<!-- Generated by org.testng.reporters.JUnitReportReporter -->
<testsuite skipped="0" hostname="dell-PC" name="log4jdemo.DemoLog4j" tests="1" failures="0" timestamp="14 Oct 2020 13:14:18 GMT" time="17.411" errors="0">
  <testcase name="TestCase" time="17.411" classname="log4jdemo.DemoLog4j"/>
</testsuite> <!-- log4jdemo.DemoLog4j -->
